#
# A fatal error has been detected by the Java Runtime Environment:
#
#  EXCEPTION_ACCESS_VIOLATION (0xc0000005) at pc=0x00000000776ae648, pid=14116, tid=0x0000000000000bb8
#
# JRE version: Java(TM) SE Runtime Environment (8.0_161-b12) (build 1.8.0_161-b12)
# Java VM: Java HotSpot(TM) 64-Bit Server VM (25.161-b12 mixed mode windows-amd64 compressed oops)
# Problematic frame:
# V  [jvm.dll+0x49e648]
#
# Failed to write core dump. Minidumps are not enabled by default on client versions of Windows
#
# If you would like to submit a bug report, please visit:
#   http://bugreport.java.com/bugreport/crash.jsp
#

---------------  T H R E A D  ---------------

Current thread (0x00000000172f0800):  JavaThread "C2 CompilerThread0" daemon [_thread_in_native, id=3000, stack(0x0000000018330000,0x0000000018430000)]

siginfo: ExceptionCode=0xc0000005, reading address 0x000000001a6c7304

Registers:
RAX=0x00000000000015b7, RBX=0x0000000000000000, RCX=0x000000001a6c72a0, RDX=0x0000000000000008
RSP=0x000000001842c6d0, RBP=0x000000001842c7d0, RSI=0x000000000000003a, RDI=0x0000000000000001
R8 =0x0000000000000000, R9 =0x00000000000015b4, R10=0x0000000077210000, R11=0x000000001842c5c0
R12=0x0000000000043c90, R13=0x00000000000009af, R14=0x0000000077210000, R15=0x00000000000003d8
RIP=0x00000000776ae648, EFLAGS=0x0000000000010206

Top of Stack: (sp=0x000000001842c6d0)
0x000000001842c6d0:   000000001a615910 0000000000000000
0x000000001842c6e0:   000000001842c7d0 000000000000003a
0x000000001842c6f0:   000015b900000000 0000000000000006
0x000000001842c700:   000000001a313b80 0000000000000016
0x000000001842c710:   000000001a0f2850 0000000000000017
0x000000001842c720:   000000001a5d6a30 000000001842cac0
0x000000001842c730:   00000000192bee68 00000000192bea90
0x000000001842c740:   000000001842c850 0000000077679cba
0x000000001842c750:   0000000000000000 00000000192bea80
0x000000001842c760:   000000001842cac0 0000000000000000
0x000000001842c770:   0000000000000002 00000000192bea80
0x000000001842c780:   000000001a4abcb0 000000001a4af620
0x000000001842c790:   000000001a4b3c98 000000000032a5f8
0x000000001842c7a0:   0000000000000002 000000001731b5a0
0x000000001842c7b0:   000000001731b5a0 000000001731b5b0
0x000000001842c7c0:   000000001731b988 00000000000003d8 

Instructions: (pc=0x00000000776ae648)
0x00000000776ae628:   c1 eb 0f 48 8d 4c 24 20 e8 ab 46 00 00 44 8b 44
0x00000000776ae638:   24 20 85 c0 74 32 8b c8 48 6b c9 70 48 03 4d 20
0x00000000776ae648:   0f b6 41 64 48 85 db 75 15 f7 41 68 00 01 00 00
0x00000000776ae658:   75 0c 3b f8 0f 4f c7 03 f0 e9 70 ff ff ff 0f af 


Register to memory mapping:

RAX=0x00000000000015b7 is an unknown value
RBX=0x0000000000000000 is an unknown value
RCX=0x000000001a6c72a0 is an unknown value
RDX=0x0000000000000008 is an unknown value
RSP=0x000000001842c6d0 is pointing into the stack for thread: 0x00000000172f0800
RBP=0x000000001842c7d0 is pointing into the stack for thread: 0x00000000172f0800
RSI=0x000000000000003a is an unknown value
RDI=0x0000000000000001 is an unknown value
R8 =0x0000000000000000 is an unknown value
R9 =0x00000000000015b4 is an unknown value
R10=0x0000000077210000 is an unknown value
R11=0x000000001842c5c0 is pointing into the stack for thread: 0x00000000172f0800
R12=0x0000000000043c90 is an unknown value
R13=0x00000000000009af is an unknown value
R14=0x0000000077210000 is an unknown value
R15=0x00000000000003d8 is an unknown value


Stack: [0x0000000018330000,0x0000000018430000],  sp=0x000000001842c6d0,  free space=1009k
Native frames: (J=compiled Java code, j=interpreted, Vv=VM code, C=native code)
V  [jvm.dll+0x49e648]
V  [jvm.dll+0x469cba]
V  [jvm.dll+0x47505b]
V  [jvm.dll+0x477967]
V  [jvm.dll+0x45a172]
V  [jvm.dll+0xa6052]
V  [jvm.dll+0xa699f]
V  [jvm.dll+0x24533f]
V  [jvm.dll+0x29cc4a]
C  [msvcr100.dll+0x21d9f]
C  [msvcr100.dll+0x21e3b]
C  [KERNEL32.DLL+0x181f4]
C  [ntdll.dll+0x6a251]


Current CompileTask:
C2:  37300 1782       4       java.net.URLStreamHandler::parseURL (1193 bytes)


---------------  P R O C E S S  ---------------

Java Threads: ( => current thread )
  0x0000000019fbe800 JavaThread "Keep-Alive-Timer" daemon [_thread_blocked, id=11388, stack(0x000000001be40000,0x000000001bf40000)]
  0x0000000019fd2800 JavaThread "Exec Stream Pumper" daemon [_thread_in_native, id=196, stack(0x000000001bd40000,0x000000001be40000)]
  0x00000000188f6000 JavaThread "Exec Stream Pumper" daemon [_thread_in_native, id=6964, stack(0x000000001bc40000,0x000000001bd40000)]
  0x00000000188f4800 JavaThread "Exec Default Executor" daemon [_thread_in_native, id=5136, stack(0x000000001bb40000,0x000000001bc40000)]
  0x0000000019fa0800 JavaThread "Okio Watchdog" daemon [_thread_blocked, id=6908, stack(0x000000001b840000,0x000000001b940000)]
  0x00000000191fa000 JavaThread "OkHttp ConnectionPool" daemon [_thread_blocked, id=12120, stack(0x000000001b740000,0x000000001b840000)]
  0x00000000192cb000 JavaThread "Exec Stream Pumper" daemon [_thread_in_native, id=12096, stack(0x000000001b140000,0x000000001b240000)]
  0x000000001932e000 JavaThread "Exec Stream Pumper" daemon [_thread_in_native, id=12532, stack(0x000000001b040000,0x000000001b140000)]
  0x0000000019143800 JavaThread "UrlChecker-2" daemon [_thread_blocked, id=11836, stack(0x000000001af40000,0x000000001b040000)]
  0x0000000019143000 JavaThread "Exec Default Executor" daemon [_thread_in_native, id=12656, stack(0x0000000019e70000,0x0000000019f70000)]
  0x000000001737d800 JavaThread "Service Thread" daemon [_thread_blocked, id=10512, stack(0x0000000018530000,0x0000000018630000)]
  0x00000000172f7800 JavaThread "C1 CompilerThread1" daemon [_thread_blocked, id=4012, stack(0x0000000018430000,0x0000000018530000)]
=>0x00000000172f0800 JavaThread "C2 CompilerThread0" daemon [_thread_in_native, id=3000, stack(0x0000000018330000,0x0000000018430000)]
  0x00000000172ef000 JavaThread "Attach Listener" daemon [_thread_blocked, id=9928, stack(0x0000000018230000,0x0000000018330000)]
  0x00000000172ec000 JavaThread "Signal Dispatcher" daemon [_thread_blocked, id=14148, stack(0x0000000018130000,0x0000000018230000)]
  0x00000000172d8800 JavaThread "Finalizer" daemon [_thread_blocked, id=4816, stack(0x0000000017f30000,0x0000000018030000)]
  0x0000000002980800 JavaThread "Reference Handler" daemon [_thread_blocked, id=744, stack(0x0000000017e30000,0x0000000017f30000)]
  0x0000000002893800 JavaThread "main" [_thread_in_native, id=4636, stack(0x0000000000f80000,0x0000000001080000)]

Other Threads:
  0x00000000172b7800 VMThread [stack: 0x0000000017d30000,0x0000000017e30000] [id=12740]
  0x0000000017389000 WatcherThread [stack: 0x0000000018a30000,0x0000000018b30000] [id=9964]

VM state:not at safepoint (normal execution)

VM Mutex/Monitor currently owned by a thread: None

Heap:
 PSYoungGen      total 38400K, used 15637K [0x00000000d5f80000, 0x00000000d8a00000, 0x0000000100000000)
  eden space 33280K, 31% used [0x00000000d5f80000,0x00000000d69c9788,0x00000000d8000000)
  from space 5120K, 99% used [0x00000000d8500000,0x00000000d89fc050,0x00000000d8a00000)
  to   space 5120K, 0% used [0x00000000d8000000,0x00000000d8000000,0x00000000d8500000)
 ParOldGen       total 87552K, used 5164K [0x0000000081e00000, 0x0000000087380000, 0x00000000d5f80000)
  object space 87552K, 5% used [0x0000000081e00000,0x000000008230b0b0,0x0000000087380000)
 Metaspace       used 19134K, capacity 19886K, committed 20096K, reserved 1067008K
  class space    used 2401K, capacity 2607K, committed 2688K, reserved 1048576K

Card table byte_map: [0x0000000011dd0000,0x00000000121d0000] byte_map_base: 0x00000000119c1000

Marking Bits: (ParMarkBitMap*) 0x0000000077a2f860
 Begin Bits: [0x0000000012680000, 0x0000000014608000)
 End Bits:   [0x0000000014608000, 0x0000000016590000)

Polling page: 0x0000000000b00000

CodeCache: size=245760Kb used=6212Kb max_used=6212Kb free=239547Kb
 bounds [0x0000000002a10000, 0x0000000003030000, 0x0000000011a10000]
 total_blobs=2255 nmethods=1823 adapters=345
 compilation: enabled

Compilation events (10 events):
Event: 37.222 Thread 0x00000000172f7800 1824       3       java.lang.reflect.Field::get (51 bytes)
Event: 37.222 Thread 0x00000000172f7800 nmethod 1824 0x0000000003020d90 code [0x0000000003020f60, 0x0000000003021588]
Event: 37.227 Thread 0x00000000172f7800 1825       1       sun.reflect.generics.visitor.Reifier::getFactory (5 bytes)
Event: 37.227 Thread 0x00000000172f7800 nmethod 1825 0x0000000003021790 code [0x00000000030218e0, 0x00000000030219f0]
Event: 37.228 Thread 0x00000000172f7800 1826       3       java.io.Writer::append (25 bytes)
Event: 37.228 Thread 0x00000000172f7800 nmethod 1826 0x0000000003021a50 code [0x0000000003021be0, 0x0000000003021fe8]
Event: 37.228 Thread 0x00000000172f7800 1827       3       org.testng.shaded.com.google.gson.TypeAdapter::<init> (5 bytes)
Event: 37.228 Thread 0x00000000172f7800 nmethod 1827 0x00000000030220d0 code [0x0000000003022220, 0x00000000030223d0]
Event: 37.228 Thread 0x00000000172f7800 1828       3       sun.reflect.UnsafeFieldAccessorImpl::ensureObj (23 bytes)
Event: 37.228 Thread 0x00000000172f7800 nmethod 1828 0x0000000003022490 code [0x0000000003022660, 0x0000000003022fb8]

GC Heap History (4 events):
Event: 2.167 GC heap before
{Heap before GC invocations=1 (full 0):
 PSYoungGen      total 38400K, used 33280K [0x00000000d5f80000, 0x00000000d8a00000, 0x0000000100000000)
  eden space 33280K, 100% used [0x00000000d5f80000,0x00000000d8000000,0x00000000d8000000)
  from space 5120K, 0% used [0x00000000d8500000,0x00000000d8500000,0x00000000d8a00000)
  to   space 5120K, 0% used [0x00000000d8000000,0x00000000d8000000,0x00000000d8500000)
 ParOldGen       total 87552K, used 0K [0x0000000081e00000, 0x0000000087380000, 0x00000000d5f80000)
  object space 87552K, 0% used [0x0000000081e00000,0x0000000081e00000,0x0000000087380000)
 Metaspace       used 12818K, capacity 13072K, committed 13440K, reserved 1060864K
  class space    used 1478K, capacity 1582K, committed 1664K, reserved 1048576K
Event: 2.176 GC heap after
Heap after GC invocations=1 (full 0):
 PSYoungGen      total 38400K, used 5119K [0x00000000d5f80000, 0x00000000d8a00000, 0x0000000100000000)
  eden space 33280K, 0% used [0x00000000d5f80000,0x00000000d5f80000,0x00000000d8000000)
  from space 5120K, 99% used [0x00000000d8000000,0x00000000d84ffd60,0x00000000d8500000)
  to   space 5120K, 0% used [0x00000000d8500000,0x00000000d8500000,0x00000000d8a00000)
 ParOldGen       total 87552K, used 1179K [0x0000000081e00000, 0x0000000087380000, 0x00000000d5f80000)
  object space 87552K, 1% used [0x0000000081e00000,0x0000000081f26ef0,0x0000000087380000)
 Metaspace       used 12818K, capacity 13072K, committed 13440K, reserved 1060864K
  class space    used 1478K, capacity 1582K, committed 1664K, reserved 1048576K
}
Event: 5.548 GC heap before
{Heap before GC invocations=2 (full 0):
 PSYoungGen      total 38400K, used 38399K [0x00000000d5f80000, 0x00000000d8a00000, 0x0000000100000000)
  eden space 33280K, 100% used [0x00000000d5f80000,0x00000000d8000000,0x00000000d8000000)
  from space 5120K, 99% used [0x00000000d8000000,0x00000000d84ffd60,0x00000000d8500000)
  to   space 5120K, 0% used [0x00000000d8500000,0x00000000d8500000,0x00000000d8a00000)
 ParOldGen       total 87552K, used 1179K [0x0000000081e00000, 0x0000000087380000, 0x00000000d5f80000)
  object space 87552K, 1% used [0x0000000081e00000,0x0000000081f26ef0,0x0000000087380000)
 Metaspace       used 18343K, capacity 19096K, committed 19200K, reserved 1067008K
  class space    used 2290K, capacity 2480K, committed 2560K, reserved 1048576K
Event: 5.561 GC heap after
Heap after GC invocations=2 (full 0):
 PSYoungGen      total 38400K, used 5104K [0x00000000d5f80000, 0x00000000d8a00000, 0x0000000100000000)
  eden space 33280K, 0% used [0x00000000d5f80000,0x00000000d5f80000,0x00000000d8000000)
  from space 5120K, 99% used [0x00000000d8500000,0x00000000d89fc050,0x00000000d8a00000)
  to   space 5120K, 0% used [0x00000000d8000000,0x00000000d8000000,0x00000000d8500000)
 ParOldGen       total 87552K, used 5164K [0x0000000081e00000, 0x0000000087380000, 0x00000000d5f80000)
  object space 87552K, 5% used [0x0000000081e00000,0x000000008230b0b0,0x0000000087380000)
 Metaspace       used 18343K, capacity 19096K, committed 19200K, reserved 1067008K
  class space    used 2290K, capacity 2480K, committed 2560K, reserved 1048576K
}

Deoptimization events (10 events):
Event: 5.569 Thread 0x0000000002893800 Uncommon trap: reason=class_check action=maybe_recompile pc=0x0000000002f70b34 method=org.openqa.selenium.json.Input.init()V @ 18
Event: 5.569 Thread 0x0000000002893800 Uncommon trap: reason=class_check action=maybe_recompile pc=0x0000000002f70b34 method=org.openqa.selenium.json.Input.init()V @ 18
Event: 5.569 Thread 0x0000000002893800 Uncommon trap: reason=class_check action=maybe_recompile pc=0x0000000002f70b34 method=org.openqa.selenium.json.Input.init()V @ 18
Event: 5.585 Thread 0x0000000002893800 Uncommon trap: reason=bimorphic action=maybe_recompile pc=0x0000000002dfa060 method=java.util.HashMap.putVal(ILjava/lang/Object;Ljava/lang/Object;ZZ)Ljava/lang/Object; @ 203
Event: 5.586 Thread 0x0000000002893800 Uncommon trap: reason=unstable_if action=reinterpret pc=0x0000000002e7c770 method=java.util.concurrent.ConcurrentHashMap.putVal(Ljava/lang/Object;Ljava/lang/Object;Z)Ljava/lang/Object; @ 181
Event: 32.639 Thread 0x0000000002893800 Uncommon trap: reason=bimorphic action=maybe_recompile pc=0x0000000002fdc1fc method=java.util.regex.Pattern$5.isSatisfiedBy(I)Z @ 5
Event: 32.639 Thread 0x0000000002893800 Uncommon trap: reason=bimorphic action=maybe_recompile pc=0x0000000002fdc1fc method=java.util.regex.Pattern$5.isSatisfiedBy(I)Z @ 5
Event: 32.639 Thread 0x0000000002893800 Uncommon trap: reason=bimorphic action=maybe_recompile pc=0x0000000002fdc1fc method=java.util.regex.Pattern$5.isSatisfiedBy(I)Z @ 5
Event: 32.639 Thread 0x0000000002893800 Uncommon trap: reason=bimorphic action=maybe_recompile pc=0x0000000002fdc1fc method=java.util.regex.Pattern$5.isSatisfiedBy(I)Z @ 5
Event: 35.884 Thread 0x0000000002893800 Uncommon trap: reason=bimorphic action=maybe_recompile pc=0x0000000002dfa060 method=java.util.HashMap.putVal(ILjava/lang/Object;Ljava/lang/Object;ZZ)Ljava/lang/Object; @ 203

Classes redefined (0 events):
No events

Internal exceptions (10 events):
Event: 15.566 Thread 0x0000000002893800 Exception <a 'java/net/SocketTimeoutException': Read timed out> (0x00000000d627e600) thrown at [C:\re\workspace\8-2-build-windows-amd64-cygwin\jdk8u161\10277\hotspot\src\share\vm\prims\jni.cpp, line 735]
Event: 18.584 Thread 0x0000000002893800 Exception <a 'java/net/SocketTimeoutException': Read timed out> (0x00000000d629c230) thrown at [C:\re\workspace\8-2-build-windows-amd64-cygwin\jdk8u161\10277\hotspot\src\share\vm\prims\jni.cpp, line 735]
Event: 18.609 Thread 0x0000000002893800 Exception <a 'java/net/SocketTimeoutException': Read timed out> (0x00000000d62afed0) thrown at [C:\re\workspace\8-2-build-windows-amd64-cygwin\jdk8u161\10277\hotspot\src\share\vm\prims\jni.cpp, line 735]
Event: 18.620 Thread 0x0000000002893800 Exception <a 'java/net/SocketTimeoutException': Read timed out> (0x00000000d62c6490) thrown at [C:\re\workspace\8-2-build-windows-amd64-cygwin\jdk8u161\10277\hotspot\src\share\vm\prims\jni.cpp, line 735]
Event: 25.783 Thread 0x0000000002893800 Exception <a 'java/net/SocketTimeoutException': Read timed out> (0x00000000d62ddb88) thrown at [C:\re\workspace\8-2-build-windows-amd64-cygwin\jdk8u161\10277\hotspot\src\share\vm\prims\jni.cpp, line 735]
Event: 32.610 Thread 0x0000000019143800 Exception <a 'java/net/SocketTimeoutException': connect timed out> (0x00000000d65fedd0) thrown at [C:\re\workspace\8-2-build-windows-amd64-cygwin\jdk8u161\10277\hotspot\src\share\vm\prims\jni.cpp, line 735]
Event: 35.889 Thread 0x0000000002893800 Exception <a 'java/net/SocketTimeoutException': Read timed out> (0x00000000d677b698) thrown at [C:\re\workspace\8-2-build-windows-amd64-cygwin\jdk8u161\10277\hotspot\src\share\vm\prims\jni.cpp, line 735]
Event: 37.017 Thread 0x0000000002893800 Exception <a 'java/net/SocketTimeoutException': Read timed out> (0x00000000d6796150) thrown at [C:\re\workspace\8-2-build-windows-amd64-cygwin\jdk8u161\10277\hotspot\src\share\vm\prims\jni.cpp, line 735]
Event: 37.045 Thread 0x0000000002893800 Exception <a 'java/lang/NoSuchMethodError': java.lang.Object.lambda$comparing$77a9974f$1(Ljava/util/function/Function;Ljava/lang/Object;Ljava/lang/Object;)I> (0x00000000d67d7d90) thrown at [C:\re\workspace\8-2-build-windows-amd64-cygwin\jdk8u161\10277\hot
Event: 37.083 Thread 0x0000000002893800 Exception <a 'java/lang/reflect/InvocationTargetException'> (0x00000000d67fc7e8) thrown at [C:\re\workspace\8-2-build-windows-amd64-cygwin\jdk8u161\10277\hotspot\src\share\vm\runtime\reflection.cpp, line 1092]

Events (10 events):
Event: 37.200 loading class java/util/regex/Pattern$CharPropertyNames$23
Event: 37.200 loading class java/util/regex/Pattern$CharPropertyNames$23 done
Event: 37.200 loading class java/util/regex/Pattern$Category
Event: 37.201 loading class java/util/regex/Pattern$Category done
Event: 37.201 loading class java/util/regex/Pattern$6
Event: 37.201 loading class java/util/regex/Pattern$6 done
Event: 37.224 loading class org/testng/SuiteResult
Event: 37.224 loading class org/testng/SuiteResult done
Event: 37.225 loading class org/testng/ISuiteResult
Event: 37.225 loading class org/testng/ISuiteResult done


Dynamic libraries:
0x00007ff7d04a0000 - 0x00007ff7d04d7000 	C:\Program Files\Java\jdk1.8.0_161\bin\javaw.exe
0x00007ffbd2e40000 - 0x00007ffbd302d000 	C:\WINDOWS\SYSTEM32\ntdll.dll
0x00007ffbd01d0000 - 0x00007ffbd0283000 	C:\WINDOWS\System32\KERNEL32.DLL
0x00007ffbcfaf0000 - 0x00007ffbcfd83000 	C:\WINDOWS\System32\KERNELBASE.dll
0x00007ffbd0680000 - 0x00007ffbd0723000 	C:\WINDOWS\System32\ADVAPI32.dll
0x00007ffbd2530000 - 0x00007ffbd25ce000 	C:\WINDOWS\System32\msvcrt.dll
0x00007ffbd2bb0000 - 0x00007ffbd2c4e000 	C:\WINDOWS\System32\sechost.dll
0x00007ffbd0730000 - 0x00007ffbd0852000 	C:\WINDOWS\System32\RPCRT4.dll
0x00007ffbd0860000 - 0x00007ffbd09f7000 	C:\WINDOWS\System32\USER32.dll
0x00007ffbcf7e0000 - 0x00007ffbcf800000 	C:\WINDOWS\System32\win32u.dll
0x00007ffbd0c30000 - 0x00007ffbd0c59000 	C:\WINDOWS\System32\GDI32.dll
0x00007ffbcf870000 - 0x00007ffbcfa0a000 	C:\WINDOWS\System32\gdi32full.dll
0x00007ffbcf740000 - 0x00007ffbcf7e0000 	C:\WINDOWS\System32\msvcp_win.dll
0x00007ffbcfd90000 - 0x00007ffbcfe8c000 	C:\WINDOWS\System32\ucrtbase.dll
0x00007ffbb7970000 - 0x00007ffbb7be9000 	C:\WINDOWS\WinSxS\amd64_microsoft.windows.common-controls_6595b64144ccf1df_6.0.17763.316_none_05b53be2071f46b6\COMCTL32.dll
0x00007ffbd0d00000 - 0x00007ffbd102d000 	C:\WINDOWS\System32\combase.dll
0x00007ffbcef10000 - 0x00007ffbcef8e000 	C:\WINDOWS\System32\bcryptPrimitives.dll
0x00007ffbd0590000 - 0x00007ffbd05be000 	C:\WINDOWS\System32\IMM32.DLL
0x00000000500f0000 - 0x00000000501c2000 	C:\Program Files\Java\jdk1.8.0_161\jre\bin\msvcr100.dll
0x0000000077210000 - 0x0000000077aaf000 	C:\Program Files\Java\jdk1.8.0_161\jre\bin\server\jvm.dll
0x00007ffbd2cd0000 - 0x00007ffbd2cd8000 	C:\WINDOWS\System32\PSAPI.DLL
0x00007ffbc8b20000 - 0x00007ffbc8b29000 	C:\WINDOWS\SYSTEM32\WSOCK32.dll
0x00007ffbd2c60000 - 0x00007ffbd2ccd000 	C:\WINDOWS\System32\WS2_32.dll
0x00007ffbc20c0000 - 0x00007ffbc20e4000 	C:\WINDOWS\SYSTEM32\WINMM.dll
0x00007ffbc8490000 - 0x00007ffbc849a000 	C:\WINDOWS\SYSTEM32\VERSION.dll
0x00007ffbc2090000 - 0x00007ffbc20bd000 	C:\WINDOWS\SYSTEM32\WINMMBASE.dll
0x00007ffbcf820000 - 0x00007ffbcf86a000 	C:\WINDOWS\System32\cfgmgr32.dll
0x00000000500e0000 - 0x00000000500ef000 	C:\Program Files\Java\jdk1.8.0_161\jre\bin\verify.dll
0x00000000500b0000 - 0x00000000500d9000 	C:\Program Files\Java\jdk1.8.0_161\jre\bin\java.dll
0x0000000050090000 - 0x00000000500a6000 	C:\Program Files\Java\jdk1.8.0_161\jre\bin\zip.dll
0x00007ffbd1040000 - 0x00007ffbd252f000 	C:\WINDOWS\System32\SHELL32.dll
0x00007ffbd2b00000 - 0x00007ffbd2ba8000 	C:\WINDOWS\System32\shcore.dll
0x00007ffbceff0000 - 0x00007ffbcf73a000 	C:\WINDOWS\System32\windows.storage.dll
0x00007ffbcee60000 - 0x00007ffbcee84000 	C:\WINDOWS\System32\profapi.dll
0x00007ffbcee90000 - 0x00007ffbceeed000 	C:\WINDOWS\System32\powrprof.dll
0x00007ffbd03c0000 - 0x00007ffbd0412000 	C:\WINDOWS\System32\shlwapi.dll
0x00007ffbceef0000 - 0x00007ffbcef01000 	C:\WINDOWS\System32\kernel.appcore.dll
0x00007ffbcf800000 - 0x00007ffbcf817000 	C:\WINDOWS\System32\cryptsp.dll
0x0000000050070000 - 0x000000005008a000 	C:\Program Files\Java\jdk1.8.0_161\jre\bin\net.dll
0x00007ffbce670000 - 0x00007ffbce6d7000 	C:\WINDOWS\system32\mswsock.dll
0x00007ffbce410000 - 0x00007ffbce4d6000 	C:\WINDOWS\SYSTEM32\DNSAPI.dll
0x00007ffbd1030000 - 0x00007ffbd1038000 	C:\WINDOWS\System32\NSI.dll
0x00007ffbce3d0000 - 0x00007ffbce40d000 	C:\WINDOWS\SYSTEM32\IPHLPAPI.DLL
0x00007ffbc47c0000 - 0x00007ffbc47ca000 	C:\Windows\System32\rasadhlp.dll
0x00007ffbc90a0000 - 0x00007ffbc9119000 	C:\WINDOWS\System32\fwpuclnt.dll
0x00007ffbcfa10000 - 0x00007ffbcfa36000 	C:\WINDOWS\System32\bcrypt.dll
0x00007ffbce230000 - 0x00007ffbce263000 	C:\WINDOWS\system32\rsaenh.dll
0x00007ffbced40000 - 0x00007ffbced68000 	C:\WINDOWS\SYSTEM32\USERENV.dll
0x00007ffbce840000 - 0x00007ffbce84c000 	C:\WINDOWS\SYSTEM32\CRYPTBASE.dll
0x00007ffbcb420000 - 0x00007ffbcb436000 	C:\WINDOWS\SYSTEM32\dhcpcsvc6.DLL
0x00007ffbcb400000 - 0x00007ffbcb41c000 	C:\WINDOWS\SYSTEM32\dhcpcsvc.DLL
0x0000000050050000 - 0x0000000050061000 	C:\Program Files\Java\jdk1.8.0_161\jre\bin\nio.dll
0x0000000050020000 - 0x0000000050044000 	C:\Program Files\Java\jdk1.8.0_161\jre\bin\sunec.dll
0x0000000050010000 - 0x000000005001b000 	C:\Program Files\Java\jdk1.8.0_161\jre\bin\sunmscapi.dll
0x00007ffbcfe90000 - 0x00007ffbd006b000 	C:\WINDOWS\System32\CRYPT32.dll
0x00007ffbcee40000 - 0x00007ffbcee52000 	C:\WINDOWS\System32\MSASN1.dll
0x00007ffbc1970000 - 0x00007ffbc1986000 	C:\WINDOWS\system32\napinsp.dll
0x00007ffbc1d60000 - 0x00007ffbc1d7a000 	C:\WINDOWS\system32\pnrpnsp.dll
0x00007ffbc6a40000 - 0x00007ffbc6a4e000 	C:\WINDOWS\System32\winrnr.dll
0x00007ffbcb660000 - 0x00007ffbcb67b000 	C:\WINDOWS\system32\NLAapi.dll
0x00007ffbb8280000 - 0x00007ffbb8295000 	C:\WINDOWS\system32\wshbth.dll
0x00007ffbc9e00000 - 0x00007ffbc9fed000 	C:\WINDOWS\SYSTEM32\dbghelp.dll

VM Arguments:
jvm_args: -ea -Dfile.encoding=Cp1252 
java_command: org.testng.remote.RemoteTestNG -serport 60262 -protocol json -d C:\Users\Chandan\git\SeleniumMaven7th-Feb\ArtifactMaven\test-output C:\Users\Chandan\git\SeleniumMaven7th-Feb\ArtifactMaven\testng.xml
java_class_path (initial): C:\Users\Chandan\eclipse\jee-2018-09\eclipse\configuration\org.eclipse.osgi\999\0\.cp\lib\testng-remote.jar;C:\Users\Chandan\git\SeleniumMaven7th-Feb\ArtifactMaven\target\test-classes;C:\Users\Chandan\git\SeleniumMaven7th-Feb\ArtifactMaven\target\classes;C:\Users\Chandan\.p2\pool\plugins\org.testng_6.14.2.r201802161450.jar;C:\Users\Chandan\.p2\pool\plugins\com.beust.jcommander_1.72.0.jar;C:\Users\Chandan\.p2\pool\plugins\org.apache-extras.beanshell.bsh_2.0.0.b6.jar;C:\Users\Chandan\.p2\pool\plugins\org.yaml.snakeyaml_1.17.0.jar;C:\Users\Chandan\.m2\repository\org\seleniumhq\selenium\selenium-java\3.141.59\selenium-java-3.141.59.jar;C:\Users\Chandan\.m2\repository\org\seleniumhq\selenium\selenium-api\3.141.59\selenium-api-3.141.59.jar;C:\Users\Chandan\.m2\repository\org\seleniumhq\selenium\selenium-edge-driver\3.141.59\selenium-edge-driver-3.141.59.jar;C:\Users\Chandan\.m2\repository\org\seleniumhq\selenium\selenium-firefox-driver\3.141.59\selenium-firefox-driver-3.141.59.jar;C:\Users\Chandan\.m2\repository\org\seleniumhq\selenium\selenium-ie-driver\3.141.59\selenium-ie-driver-3.141.59.jar;C:\Users\Chandan\.m2\repository\org\seleniumhq\selenium\selenium-opera-driver\3.141.59\selenium-opera-driver-3.141.59.jar;C:\Users\Chandan\.m2\repository\org\seleniumhq\selenium\selenium-remote-driver\3.141.59\selenium-remote-driver-3.141.59.jar;C:\Users\Chandan\.m2\repository\org\seleniumhq\selenium\selenium-safari-driver\3.141.59\selenium-safari-driver-3.141.59.jar;C:\Users\Chandan\.m2\repository\org\seleniumhq\selenium\selenium-support\3.141.59\selenium-support-3.141.59.jar;C:\Users\Chandan\.m2\repository\net\bytebuddy\byte-buddy\1.8.15\byte-buddy-1.8.15.jar;C:\Users\Chandan\.m2\repository\org\apache\commons\commons-exec\1.3\commons-exec-1.3.jar;C:\Users\Chandan\.m2\repository\com\google\guava\guava\25.0-jre\guava-25.0-jre.jar;C:\Users\Chandan\.m2\repository\com\google\code\findbugs\jsr305\1.3.9\jsr305-1.3.9.jar;C:\Users\Chandan\.m2\repository\org\ch
Launcher Type: SUN_STANDARD

Environment Variables:
JAVA_HOME=C:\Program Files\Java\jdk1.8.0_161
PATH=C:/Program Files/Java/jdk1.8.0_161/bin/../jre/bin/server;C:/Program Files/Java/jdk1.8.0_161/bin/../jre/bin;C:/Program Files/Java/jdk1.8.0_161/bin/../jre/lib/amd64;C:\Program Files\apache-maven-3.5.4\bin;C:\Program Files\Java\jdk1.8.0_161\bin;C:\Program Files (x86)\Windows Live\Shared;C:\Users\Chandan\Desktop\JMeter\apache-jmeter-5.0\bin;C:\Windows\System32;C:\WINDOWS\system32;C:\WINDOWS;C:\WINDOWS\System32\Wbem;C:\WINDOWS\System32\WindowsPowerShell\v1.0\;C:\WINDOWS\System32\OpenSSH\;C:\Program Files\Git\cmd;C:\Users\Chandan\Python;C:\Users\Chandan\Python\Scripts;C:\Users\Chandan\AppData\Local\Microsoft\WindowsApps;;C:\Program Files\apache-maven-3.5.4\bin;C:\Users\Chandan\AppData\Roaming\npm;C:\Users\Chandan\eclipse\jee-2018-09\eclipse;
USERNAME=Chandan
OS=Windows_NT
PROCESSOR_IDENTIFIER=Intel64 Family 6 Model 58 Stepping 9, GenuineIntel



---------------  S Y S T E M  ---------------

OS: Windows 10.0 , 64 bit Build 17763 (10.0.17763.292)

CPU:total 2 (initial active 2) (2 cores per cpu, 1 threads per core) family 6 model 58 stepping 9, cmov, cx8, fxsr, mmx, sse, sse2, sse3, ssse3, sse4.1, sse4.2, popcnt, clmul, erms, tsc, tscinvbit, tscinv

Memory: 4k page, physical 8264380k(2790396k free), swap 10540844k(2112300k free)

vm_info: Java HotSpot(TM) 64-Bit Server VM (25.161-b12) for windows-amd64 JRE (1.8.0_161-b12), built on Dec 19 2017 17:52:25 by "java_re" with MS VC++ 10.0 (VS2010)

time: Fri Feb 15 15:07:10 2019
elapsed time: 37 seconds (0d 0h 0m 37s)

